This file contains any messages produced by compilers while
running configure, to aid debugging if configure makes a mistake.

It was created by libltdl configure 2.2.6, which was
generated by GNU Autoconf 2.61.  Invocation command line was

  $ ./configure --disable-option-checking --prefix=/usr/local --disable-gui --disable-drivers --enable-iconv --with-iconv-char-enc=UTF8 --with-iconv-ucode-enc=UTF16LE --cache-file=/dev/null --srcdir=.

## --------- ##
## Platform. ##
## --------- ##

hostname = Imber
uname -m = x86_64
uname -r = 5.0.0-17-generic
uname -s = Linux
uname -v = #18-Ubuntu SMP Tue Jun 4 15:34:08 UTC 2019

/usr/bin/uname -p = unknown
/bin/uname -X     = unknown

/bin/arch              = unknown
/usr/bin/arch -k       = unknown
/usr/convex/getsysinfo = unknown
/usr/bin/hostinfo      = unknown
/bin/machine           = unknown
/usr/bin/oslevel       = unknown
/bin/universe          = unknown

PATH: /usr/local/sbin
PATH: /usr/local/bin
PATH: /usr/sbin
PATH: /usr/bin
PATH: /sbin
PATH: /bin
PATH: /usr/games
PATH: /usr/local/games


## ----------- ##
## Core tests. ##
## ----------- ##

configure:1991: checking for a BSD-compatible install
configure:2047: result: /usr/bin/install -c
configure:2058: checking whether build environment is sane
configure:2101: result: yes
configure:2129: checking for a thread-safe mkdir -p
configure:2168: result: /bin/mkdir -p
configure:2181: checking for gawk
configure:2197: found /usr/bin/gawk
configure:2208: result: gawk
configure:2219: checking whether make sets $(MAKE)
configure:2240: result: yes
configure:2470: checking build system type
configure:2488: result: x86_64-unknown-linux-gnu
configure:2510: checking host system type
configure:2525: result: x86_64-unknown-linux-gnu
configure:2559: checking for style of include used by make
configure:2587: result: GNU
configure:2657: checking for gcc
configure:2673: found /usr/bin/gcc
configure:2684: result: gcc
configure:2922: checking for C compiler version
configure:2929: gcc --version >&5
gcc (Ubuntu 8.3.0-6ubuntu1) 8.3.0
Copyright (C) 2018 Free Software Foundation, Inc.
This is free software; see the source for copying conditions.  There is NO
warranty; not even for MERCHANTABILITY or FITNESS FOR A PARTICULAR PURPOSE.

configure:2932: $? = 0
configure:2939: gcc -v >&5
Using built-in specs.
COLLECT_GCC=gcc
COLLECT_LTO_WRAPPER=/usr/lib/gcc/x86_64-linux-gnu/8/lto-wrapper
OFFLOAD_TARGET_NAMES=nvptx-none
OFFLOAD_TARGET_DEFAULT=1
Target: x86_64-linux-gnu
Configured with: ../src/configure -v --with-pkgversion='Ubuntu 8.3.0-6ubuntu1' --with-bugurl=file:///usr/share/doc/gcc-8/README.Bugs --enable-languages=c,ada,c++,go,brig,d,fortran,objc,obj-c++ --prefix=/usr --with-gcc-major-version-only --program-suffix=-8 --program-prefix=x86_64-linux-gnu- --enable-shared --enable-linker-build-id --libexecdir=/usr/lib --without-included-gettext --enable-threads=posix --libdir=/usr/lib --enable-nls --enable-bootstrap --enable-clocale=gnu --enable-libstdcxx-debug --enable-libstdcxx-time=yes --with-default-libstdcxx-abi=new --enable-gnu-unique-object --disable-vtable-verify --enable-libmpx --enable-plugin --enable-default-pie --with-system-zlib --with-target-system-zlib --enable-objc-gc=auto --enable-multiarch --disable-werror --with-arch-32=i686 --with-abi=m64 --with-multilib-list=m32,m64,mx32 --enable-multilib --with-tune=generic --enable-offload-targets=nvptx-none --without-cuda-driver --enable-checking=release --build=x86_64-linux-gnu --host=x86_64-linux-gnu --target=x86_64-linux-gnu
Thread model: posix
gcc version 8.3.0 (Ubuntu 8.3.0-6ubuntu1) 
configure:2942: $? = 0
configure:2949: gcc -V >&5
gcc: error: unrecognized command line option '-V'
gcc: fatal error: no input files
compilation terminated.
configure:2952: $? = 1
configure:2975: checking for C compiler default output file name
configure:3002: gcc    conftest.c  >&5
configure:3005: $? = 0
configure:3043: result: a.out
configure:3060: checking whether the C compiler works
configure:3070: ./a.out
configure:3073: $? = 0
configure:3090: result: yes
configure:3097: checking whether we are cross compiling
configure:3099: result: no
configure:3102: checking for suffix of executables
configure:3109: gcc -o conftest    conftest.c  >&5
configure:3112: $? = 0
configure:3136: result: 
configure:3142: checking for suffix of object files
configure:3168: gcc -c   conftest.c >&5
configure:3171: $? = 0
configure:3194: result: o
configure:3198: checking whether we are using the GNU C compiler
configure:3227: gcc -c   conftest.c >&5
configure:3233: $? = 0
configure:3250: result: yes
configure:3255: checking whether gcc accepts -g
configure:3285: gcc -c -g  conftest.c >&5
configure:3291: $? = 0
configure:3390: result: yes
configure:3407: checking for gcc option to accept ISO C89
configure:3481: gcc  -c -g -O2  conftest.c >&5
configure:3487: $? = 0
configure:3510: result: none needed
configure:3530: checking dependency style of gcc
configure:3621: result: gcc3
configure:3636: checking for a sed that does not truncate output
configure:3715: result: /bin/sed
configure:3733: checking for grep that handles long lines and -e
configure:3807: result: /bin/grep
configure:3812: checking for egrep
configure:3890: result: /bin/grep -E
configure:3895: checking for fgrep
configure:3973: result: /bin/grep -F
configure:4008: checking for ld used by gcc
configure:4075: result: /usr/bin/ld
configure:4084: checking if the linker (/usr/bin/ld) is GNU ld
configure:4099: result: yes
configure:4111: checking for BSD- or MS-compatible name lister (nm)
configure:4160: result: /usr/bin/nm -B
configure:4282: checking the name lister (/usr/bin/nm -B) interface
configure:4294: gcc -c -g -O2  conftest.c >&5
configure:4297: /usr/bin/nm -B "conftest.o"
configure:4300: output
0000000000000000 B some_variable
configure:4296: result: BSD nm
configure:4299: checking whether ln -s works
configure:4303: result: yes
configure:4311: checking the maximum length of command line arguments
configure:4431: result: 1572864
configure:4448: checking whether the shell understands some XSI constructs
configure:4457: result: yes
configure:4461: checking whether the shell understands "+="
configure:4465: result: yes
configure:4500: checking for /usr/bin/ld option to reload object files
configure:4507: result: -r
configure:4576: checking for objdump
configure:4592: found /usr/bin/objdump
configure:4603: result: objdump
configure:4636: checking how to recognize dependent libraries
configure:4832: result: pass_all
configure:4892: checking for ar
configure:4908: found /usr/bin/ar
configure:4919: result: ar
configure:5001: checking for strip
configure:5017: found /usr/bin/strip
configure:5028: result: strip
configure:5104: checking for ranlib
configure:5120: found /usr/bin/ranlib
configure:5131: result: ranlib
configure:5225: checking command to parse /usr/bin/nm -B output from gcc object
configure:5343: gcc -c -g -O2  conftest.c >&5
configure:5346: $? = 0
configure:5350: /usr/bin/nm -B conftest.o \| sed -n -e 's/^.*[	 ]\([ABCDGIRSTW][ABCDGIRSTW]*\)[	 ][	 ]*\([_A-Za-z][_A-Za-z0-9]*\)$/\1 \2 \2/p' \> conftest.nm
configure:5353: $? = 0
configure:5407: gcc -o conftest -g -O2   conftest.c conftstm.o >&5
configure:5410: $? = 0
configure:5448: result: ok
configure:5544: gcc -c -g -O2  conftest.c >&5
configure:5547: $? = 0
configure:6327: checking how to run the C preprocessor
configure:6367: gcc -E  conftest.c
configure:6373: $? = 0
configure:6404: gcc -E  conftest.c
conftest.c:10:10: fatal error: ac_nonexistent.h: No such file or directory
 #include <ac_nonexistent.h>
          ^~~~~~~~~~~~~~~~~~
compilation terminated.
configure:6410: $? = 1
configure: failed program was:
| /* confdefs.h.  */
| #define PACKAGE_NAME "libltdl"
| #define PACKAGE_TARNAME "libltdl"
| #define PACKAGE_VERSION "2.2.6"
| #define PACKAGE_STRING "libltdl 2.2.6"
| #define PACKAGE_BUGREPORT "bug-libtool@gnu.org"
| #define PACKAGE "libltdl"
| #define VERSION "2.2.6"
| /* end confdefs.h.  */
| #include <ac_nonexistent.h>
configure:6443: result: gcc -E
configure:6472: gcc -E  conftest.c
configure:6478: $? = 0
configure:6509: gcc -E  conftest.c
conftest.c:10:10: fatal error: ac_nonexistent.h: No such file or directory
 #include <ac_nonexistent.h>
          ^~~~~~~~~~~~~~~~~~
compilation terminated.
configure:6515: $? = 1
configure: failed program was:
| /* confdefs.h.  */
| #define PACKAGE_NAME "libltdl"
| #define PACKAGE_TARNAME "libltdl"
| #define PACKAGE_VERSION "2.2.6"
| #define PACKAGE_STRING "libltdl 2.2.6"
| #define PACKAGE_BUGREPORT "bug-libtool@gnu.org"
| #define PACKAGE "libltdl"
| #define VERSION "2.2.6"
| /* end confdefs.h.  */
| #include <ac_nonexistent.h>
configure:6553: checking for ANSI C header files
configure:6583: gcc -c -g -O2  conftest.c >&5
configure:6589: $? = 0
configure:6688: gcc -o conftest -g -O2   conftest.c  >&5
configure:6691: $? = 0
configure:6697: ./conftest
configure:6700: $? = 0
configure:6717: result: yes
configure:6741: checking for sys/types.h
configure:6762: gcc -c -g -O2  conftest.c >&5
configure:6768: $? = 0
configure:6784: result: yes
configure:6741: checking for sys/stat.h
configure:6762: gcc -c -g -O2  conftest.c >&5
configure:6768: $? = 0
configure:6784: result: yes
configure:6741: checking for stdlib.h
configure:6762: gcc -c -g -O2  conftest.c >&5
configure:6768: $? = 0
configure:6784: result: yes
configure:6741: checking for string.h
configure:6762: gcc -c -g -O2  conftest.c >&5
configure:6768: $? = 0
configure:6784: result: yes
configure:6741: checking for memory.h
configure:6762: gcc -c -g -O2  conftest.c >&5
configure:6768: $? = 0
configure:6784: result: yes
configure:6741: checking for strings.h
configure:6762: gcc -c -g -O2  conftest.c >&5
configure:6768: $? = 0
configure:6784: result: yes
configure:6741: checking for inttypes.h
configure:6762: gcc -c -g -O2  conftest.c >&5
configure:6768: $? = 0
configure:6784: result: yes
configure:6741: checking for stdint.h
configure:6762: gcc -c -g -O2  conftest.c >&5
configure:6768: $? = 0
configure:6784: result: yes
configure:6741: checking for unistd.h
configure:6762: gcc -c -g -O2  conftest.c >&5
configure:6768: $? = 0
configure:6784: result: yes
configure:6800: checking for dlfcn.h
configure:6821: gcc -c -g -O2  conftest.c >&5
configure:6827: $? = 0
configure:6843: result: yes
configure:7336: checking for objdir
configure:7351: result: .libs
configure:7647: checking if gcc supports -fno-rtti -fno-exceptions
configure:7679: gcc -c -g -O2  -fno-rtti -fno-exceptions conftest.c >&5
cc1: warning: command line option '-fno-rtti' is valid for C++/ObjC++ but not for C
configure:7683: $? = 0
configure:7682: result: no
configure:7702: checking for gcc option to produce PIC
configure:7974: result: -fPIC -DPIC
configure:7986: checking if gcc PIC flag -fPIC -DPIC works
configure:8018: gcc -c -g -O2  -fPIC -DPIC -DPIC conftest.c >&5
configure:8022: $? = 0
configure:8021: result: yes
configure:8045: checking if gcc static flag -static works
configure:8073: result: yes
configure:8088: checking if gcc supports -c -o file.o
configure:8123: gcc -c -g -O2  -o out/conftest2.o conftest.c >&5
configure:8127: $? = 0
configure:8135: result: yes
configure:8143: checking if gcc supports -c -o file.o
configure:8190: result: yes
configure:8223: checking whether the gcc linker (/usr/bin/ld -m elf_x86_64) supports shared libraries
configure:9286: result: yes
configure:9323: checking whether -lc should be explicitly linked in
configure:9328: gcc -c -g -O2  conftest.c >&5
configure:9331: $? = 0
configure:9346: gcc -shared conftest.o  -v -Wl,-soname -Wl,conftest -o conftest 2\>\&1 \| /bin/grep  -lc  \>/dev/null 2\>\&1
configure:9349: $? = 0
configure:9361: result: no
configure:9525: checking dynamic linker characteristics
configure:9968: gcc -o conftest -g -O2   -Wl,-rpath -Wl,/foo conftest.c  >&5
configure:9974: $? = 0
configure:10216: result: GNU/Linux ld.so
configure:10318: checking how to hardcode library paths into programs
configure:10343: result: immediate
configure:10462: checking for shl_load
configure:10518: gcc -o conftest -g -O2   conftest.c  >&5
/usr/bin/ld: /tmp/cco840Ih.o: in function `main':
/home/tekne/Documents/Projects/Democratiam_Intelligentia/unixODBC-2.3.0/libltdl/conftest.c:56: undefined reference to `shl_load'
collect2: error: ld returned 1 exit status
configure:10524: $? = 1
configure: failed program was:
| /* confdefs.h.  */
| #define PACKAGE_NAME "libltdl"
| #define PACKAGE_TARNAME "libltdl"
| #define PACKAGE_VERSION "2.2.6"
| #define PACKAGE_STRING "libltdl 2.2.6"
| #define PACKAGE_BUGREPORT "bug-libtool@gnu.org"
| #define PACKAGE "libltdl"
| #define VERSION "2.2.6"
| #define STDC_HEADERS 1
| #define HAVE_SYS_TYPES_H 1
| #define HAVE_SYS_STAT_H 1
| #define HAVE_STDLIB_H 1
| #define HAVE_STRING_H 1
| #define HAVE_MEMORY_H 1
| #define HAVE_STRINGS_H 1
| #define HAVE_INTTYPES_H 1
| #define HAVE_STDINT_H 1
| #define HAVE_UNISTD_H 1
| #define HAVE_DLFCN_H 1
| #define LT_OBJDIR ".libs/"
| /* end confdefs.h.  */
| /* Define shl_load to an innocuous variant, in case <limits.h> declares shl_load.
|    For example, HP-UX 11i <limits.h> declares gettimeofday.  */
| #define shl_load innocuous_shl_load
| 
| /* System header to define __stub macros and hopefully few prototypes,
|     which can conflict with char shl_load (); below.
|     Prefer <limits.h> to <assert.h> if __STDC__ is defined, since
|     <limits.h> exists even on freestanding compilers.  */
| 
| #ifdef __STDC__
| # include <limits.h>
| #else
| # include <assert.h>
| #endif
| 
| #undef shl_load
| 
| /* Override any GCC internal prototype to avoid an error.
|    Use char because int might match the return type of a GCC
|    builtin and then its argument prototype would still apply.  */
| #ifdef __cplusplus
| extern "C"
| #endif
| char shl_load ();
| /* The GNU C library defines this for functions which it implements
|     to always fail with ENOSYS.  Some functions are actually named
|     something starting with __ and the normal name is an alias.  */
| #if defined __stub_shl_load || defined __stub___shl_load
| choke me
| #endif
| 
| int
| main ()
| {
| return shl_load ();
|   ;
|   return 0;
| }
configure:10541: result: no
configure:10546: checking for shl_load in -ldld
configure:10581: gcc -o conftest -g -O2   conftest.c -ldld   >&5
/usr/bin/ld: cannot find -ldld
collect2: error: ld returned 1 exit status
configure:10587: $? = 1
configure: failed program was:
| /* confdefs.h.  */
| #define PACKAGE_NAME "libltdl"
| #define PACKAGE_TARNAME "libltdl"
| #define PACKAGE_VERSION "2.2.6"
| #define PACKAGE_STRING "libltdl 2.2.6"
| #define PACKAGE_BUGREPORT "bug-libtool@gnu.org"
| #define PACKAGE "libltdl"
| #define VERSION "2.2.6"
| #define STDC_HEADERS 1
| #define HAVE_SYS_TYPES_H 1
| #define HAVE_SYS_STAT_H 1
| #define HAVE_STDLIB_H 1
| #define HAVE_STRING_H 1
| #define HAVE_MEMORY_H 1
| #define HAVE_STRINGS_H 1
| #define HAVE_INTTYPES_H 1
| #define HAVE_STDINT_H 1
| #define HAVE_UNISTD_H 1
| #define HAVE_DLFCN_H 1
| #define LT_OBJDIR ".libs/"
| /* end confdefs.h.  */
| 
| /* Override any GCC internal prototype to avoid an error.
|    Use char because int might match the return type of a GCC
|    builtin and then its argument prototype would still apply.  */
| #ifdef __cplusplus
| extern "C"
| #endif
| char shl_load ();
| int
| main ()
| {
| return shl_load ();
|   ;
|   return 0;
| }
configure:10605: result: no
configure:10610: checking for dlopen
configure:10666: gcc -o conftest -g -O2   conftest.c  >&5
/usr/bin/ld: /tmp/ccPuQMyq.o: in function `main':
/home/tekne/Documents/Projects/Democratiam_Intelligentia/unixODBC-2.3.0/libltdl/conftest.c:56: undefined reference to `dlopen'
collect2: error: ld returned 1 exit status
configure:10672: $? = 1
configure: failed program was:
| /* confdefs.h.  */
| #define PACKAGE_NAME "libltdl"
| #define PACKAGE_TARNAME "libltdl"
| #define PACKAGE_VERSION "2.2.6"
| #define PACKAGE_STRING "libltdl 2.2.6"
| #define PACKAGE_BUGREPORT "bug-libtool@gnu.org"
| #define PACKAGE "libltdl"
| #define VERSION "2.2.6"
| #define STDC_HEADERS 1
| #define HAVE_SYS_TYPES_H 1
| #define HAVE_SYS_STAT_H 1
| #define HAVE_STDLIB_H 1
| #define HAVE_STRING_H 1
| #define HAVE_MEMORY_H 1
| #define HAVE_STRINGS_H 1
| #define HAVE_INTTYPES_H 1
| #define HAVE_STDINT_H 1
| #define HAVE_UNISTD_H 1
| #define HAVE_DLFCN_H 1
| #define LT_OBJDIR ".libs/"
| /* end confdefs.h.  */
| /* Define dlopen to an innocuous variant, in case <limits.h> declares dlopen.
|    For example, HP-UX 11i <limits.h> declares gettimeofday.  */
| #define dlopen innocuous_dlopen
| 
| /* System header to define __stub macros and hopefully few prototypes,
|     which can conflict with char dlopen (); below.
|     Prefer <limits.h> to <assert.h> if __STDC__ is defined, since
|     <limits.h> exists even on freestanding compilers.  */
| 
| #ifdef __STDC__
| # include <limits.h>
| #else
| # include <assert.h>
| #endif
| 
| #undef dlopen
| 
| /* Override any GCC internal prototype to avoid an error.
|    Use char because int might match the return type of a GCC
|    builtin and then its argument prototype would still apply.  */
| #ifdef __cplusplus
| extern "C"
| #endif
| char dlopen ();
| /* The GNU C library defines this for functions which it implements
|     to always fail with ENOSYS.  Some functions are actually named
|     something starting with __ and the normal name is an alias.  */
| #if defined __stub_dlopen || defined __stub___dlopen
| choke me
| #endif
| 
| int
| main ()
| {
| return dlopen ();
|   ;
|   return 0;
| }
configure:10689: result: no
configure:10694: checking for dlopen in -ldl
configure:10729: gcc -o conftest -g -O2   conftest.c -ldl   >&5
configure:10735: $? = 0
configure:10753: result: yes
configure:10922: checking whether a program can dlopen itself
configure:10992: gcc -o conftest -g -O2  -DHAVE_DLFCN_H  -Wl,--export-dynamic conftest.c -ldl  >&5
configure:10995: $? = 0
configure:11013: result: yes
configure:11018: checking whether a statically linked program can dlopen itself
configure:11088: gcc -o conftest -g -O2  -DHAVE_DLFCN_H  -Wl,--export-dynamic -static conftest.c -ldl  >&5
/usr/bin/ld: /tmp/ccMX9pTz.o: in function `main':
/home/tekne/Documents/Projects/Democratiam_Intelligentia/unixODBC-2.3.0/libltdl/configure:11086: warning: Using 'dlopen' in statically linked applications requires at runtime the shared libraries from the glibc version used for linking
configure:11091: $? = 0
configure:11109: result: no
configure:11148: checking whether stripping libraries is possible
configure:11153: result: yes
configure:11188: checking if libtool supports shared libraries
configure:11190: result: yes
configure:11193: checking whether to build shared libraries
configure:11214: result: yes
configure:11217: checking whether to build static libraries
configure:11221: result: yes
configure:8139: checking which extension is used for runtime loadable modules
configure:8149: result: .so
configure:8159: checking which variable specifies run-time module search path
configure:8166: result: LD_LIBRARY_PATH
configure:8176: checking for the default library search path
configure:8183: result: /lib /usr/lib /usr/local/cuda/lib64 /usr/lib/x86_64-linux-gnu/libfakeroot /usr/local/lib/i386-linux-gnu /lib/i386-linux-gnu /usr/lib/i386-linux-gnu /usr/local/lib/i686-linux-gnu /lib/i686-linux-gnu /usr/lib/i686-linux-gnu /usr/local/lib /usr/local/lib/x86_64-linux-gnu /lib/x86_64-linux-gnu /usr/lib/x86_64-linux-gnu /lib32 /usr/lib32 
configure:8213: checking for library containing dlopen
configure:8254: gcc -o conftest -g -O2   conftest.c  >&5
/usr/bin/ld: /tmp/ccD9nsED.o: in function `main':
/home/tekne/Documents/Projects/Democratiam_Intelligentia/unixODBC-2.3.0/libltdl/conftest.c:36: undefined reference to `dlopen'
collect2: error: ld returned 1 exit status
configure:8260: $? = 1
configure: failed program was:
| /* confdefs.h.  */
| #define PACKAGE_NAME "libltdl"
| #define PACKAGE_TARNAME "libltdl"
| #define PACKAGE_VERSION "2.2.6"
| #define PACKAGE_STRING "libltdl 2.2.6"
| #define PACKAGE_BUGREPORT "bug-libtool@gnu.org"
| #define PACKAGE "libltdl"
| #define VERSION "2.2.6"
| #define STDC_HEADERS 1
| #define HAVE_SYS_TYPES_H 1
| #define HAVE_SYS_STAT_H 1
| #define HAVE_STDLIB_H 1
| #define HAVE_STRING_H 1
| #define HAVE_MEMORY_H 1
| #define HAVE_STRINGS_H 1
| #define HAVE_INTTYPES_H 1
| #define HAVE_STDINT_H 1
| #define HAVE_UNISTD_H 1
| #define HAVE_DLFCN_H 1
| #define LT_OBJDIR ".libs/"
| #define LT_MODULE_EXT ".so"
| #define LT_MODULE_PATH_VAR "LD_LIBRARY_PATH"
| #define LT_DLSEARCH_PATH "/lib:/usr/lib:/usr/local/cuda/lib64:/usr/lib/x86_64-linux-gnu/libfakeroot:/usr/local/lib/i386-linux-gnu:/lib/i386-linux-gnu:/usr/lib/i386-linux-gnu:/usr/local/lib/i686-linux-gnu:/lib/i686-linux-gnu:/usr/lib/i686-linux-gnu:/usr/local/lib:/usr/local/lib/x86_64-linux-gnu:/lib/x86_64-linux-gnu:/usr/lib/x86_64-linux-gnu:/lib32:/usr/lib32"
| /* end confdefs.h.  */
| 
| /* Override any GCC internal prototype to avoid an error.
|    Use char because int might match the return type of a GCC
|    builtin and then its argument prototype would still apply.  */
| #ifdef __cplusplus
| extern "C"
| #endif
| char dlopen ();
| int
| main ()
| {
| return dlopen ();
|   ;
|   return 0;
| }
configure:8254: gcc -o conftest -g -O2   conftest.c -ldl   >&5
configure:8260: $? = 0
configure:8288: result: -ldl
configure:8436: checking for dlerror
configure:8492: gcc -o conftest -g -O2   conftest.c -ldl  -ldl >&5
configure:8498: $? = 0
configure:8516: result: yes
configure:8531: checking for shl_load
configure:8610: result: no
configure:8620: checking for shl_load in -ldld
configure:8679: result: no
configure:8866: checking for dld_link in -ldld
configure:8901: gcc -o conftest -g -O2   conftest.c -ldld  -ldl  >&5
/usr/bin/ld: cannot find -ldld
collect2: error: ld returned 1 exit status
configure:8907: $? = 1
configure: failed program was:
| /* confdefs.h.  */
| #define PACKAGE_NAME "libltdl"
| #define PACKAGE_TARNAME "libltdl"
| #define PACKAGE_VERSION "2.2.6"
| #define PACKAGE_STRING "libltdl 2.2.6"
| #define PACKAGE_BUGREPORT "bug-libtool@gnu.org"
| #define PACKAGE "libltdl"
| #define VERSION "2.2.6"
| #define STDC_HEADERS 1
| #define HAVE_SYS_TYPES_H 1
| #define HAVE_SYS_STAT_H 1
| #define HAVE_STDLIB_H 1
| #define HAVE_STRING_H 1
| #define HAVE_MEMORY_H 1
| #define HAVE_STRINGS_H 1
| #define HAVE_INTTYPES_H 1
| #define HAVE_STDINT_H 1
| #define HAVE_UNISTD_H 1
| #define HAVE_DLFCN_H 1
| #define LT_OBJDIR ".libs/"
| #define LT_MODULE_EXT ".so"
| #define LT_MODULE_PATH_VAR "LD_LIBRARY_PATH"
| #define LT_DLSEARCH_PATH "/lib:/usr/lib:/usr/local/cuda/lib64:/usr/lib/x86_64-linux-gnu/libfakeroot:/usr/local/lib/i386-linux-gnu:/lib/i386-linux-gnu:/usr/lib/i386-linux-gnu:/usr/local/lib/i686-linux-gnu:/lib/i686-linux-gnu:/usr/lib/i686-linux-gnu:/usr/local/lib:/usr/local/lib/x86_64-linux-gnu:/lib/x86_64-linux-gnu:/usr/lib/x86_64-linux-gnu:/lib32:/usr/lib32"
| #define HAVE_LIBDL 1
| #define HAVE_DLERROR 1
| /* end confdefs.h.  */
| 
| /* Override any GCC internal prototype to avoid an error.
|    Use char because int might match the return type of a GCC
|    builtin and then its argument prototype would still apply.  */
| #ifdef __cplusplus
| extern "C"
| #endif
| char dld_link ();
| int
| main ()
| {
| return dld_link ();
|   ;
|   return 0;
| }
configure:8925: result: no
configure:8963: checking for _ prefix in compiled symbols
configure:8973: gcc -c -g -O2  conftest.c >&5
configure:8976: $? = 0
configure:8980: /usr/bin/nm -B conftest.o \| sed -n -e 's/^.*[	 ]\([ABCDGIRSTW][ABCDGIRSTW]*\)[	 ][	 ]*\([_A-Za-z][_A-Za-z0-9]*\)$/\1 \2 \2/p' \> conftest.nm
configure:8983: $? = 0
configure:9005: result: no
configure:9121: checking whether deplibs are loaded by dlopen
configure:9215: result: yes
configure:9231: checking for argz.h
configure:9252: gcc -c -g -O2  conftest.c >&5
configure:9258: $? = 0
configure:9274: result: yes
configure:9286: checking for error_t
configure:9319: gcc -c -g -O2  conftest.c >&5
configure:9325: $? = 0
configure:9340: result: yes
configure:9375: checking for argz_add
configure:9431: gcc -o conftest -g -O2   conftest.c -ldl  >&5
configure:9437: $? = 0
configure:9455: result: yes
configure:9375: checking for argz_append
configure:9431: gcc -o conftest -g -O2   conftest.c -ldl  >&5
configure:9437: $? = 0
configure:9455: result: yes
configure:9375: checking for argz_count
configure:9431: gcc -o conftest -g -O2   conftest.c -ldl  >&5
configure:9437: $? = 0
configure:9455: result: yes
configure:9375: checking for argz_create_sep
configure:9431: gcc -o conftest -g -O2   conftest.c -ldl  >&5
configure:9437: $? = 0
configure:9455: result: yes
configure:9375: checking for argz_insert
configure:9431: gcc -o conftest -g -O2   conftest.c -ldl  >&5
configure:9437: $? = 0
configure:9455: result: yes
configure:9375: checking for argz_next
configure:9431: gcc -o conftest -g -O2   conftest.c -ldl  >&5
configure:9437: $? = 0
configure:9455: result: yes
configure:9375: checking for argz_stringify
configure:9431: gcc -o conftest -g -O2   conftest.c -ldl  >&5
configure:9437: $? = 0
configure:9455: result: yes
configure:9474: checking if argz actually works
configure:9505: result: yes
configure:9528: checking whether libtool supports -dlopen/-dlpreopen
configure:9540: result: yes
configure:9601: checking for unistd.h
configure:9644: result: yes
configure:9601: checking for dl.h
configure:9622: gcc -c -g -O2  conftest.c >&5
conftest.c:74:10: fatal error: dl.h: No such file or directory
 #include <dl.h>
          ^~~~~~
compilation terminated.
configure:9628: $? = 1
configure: failed program was:
| /* confdefs.h.  */
| #define PACKAGE_NAME "libltdl"
| #define PACKAGE_TARNAME "libltdl"
| #define PACKAGE_VERSION "2.2.6"
| #define PACKAGE_STRING "libltdl 2.2.6"
| #define PACKAGE_BUGREPORT "bug-libtool@gnu.org"
| #define PACKAGE "libltdl"
| #define VERSION "2.2.6"
| #define STDC_HEADERS 1
| #define HAVE_SYS_TYPES_H 1
| #define HAVE_SYS_STAT_H 1
| #define HAVE_STDLIB_H 1
| #define HAVE_STRING_H 1
| #define HAVE_MEMORY_H 1
| #define HAVE_STRINGS_H 1
| #define HAVE_INTTYPES_H 1
| #define HAVE_STDINT_H 1
| #define HAVE_UNISTD_H 1
| #define HAVE_DLFCN_H 1
| #define LT_OBJDIR ".libs/"
| #define LT_MODULE_EXT ".so"
| #define LT_MODULE_PATH_VAR "LD_LIBRARY_PATH"
| #define LT_DLSEARCH_PATH "/lib:/usr/lib:/usr/local/cuda/lib64:/usr/lib/x86_64-linux-gnu/libfakeroot:/usr/local/lib/i386-linux-gnu:/lib/i386-linux-gnu:/usr/lib/i386-linux-gnu:/usr/local/lib/i686-linux-gnu:/lib/i686-linux-gnu:/usr/lib/i686-linux-gnu:/usr/local/lib:/usr/local/lib/x86_64-linux-gnu:/lib/x86_64-linux-gnu:/usr/lib/x86_64-linux-gnu:/lib32:/usr/lib32"
| #define HAVE_LIBDL 1
| #define HAVE_DLERROR 1
| #define HAVE_LIBDLLOADER 1
| #define HAVE_ARGZ_H 1
| #define HAVE_ERROR_T 1
| #define HAVE_ARGZ_ADD 1
| #define HAVE_ARGZ_APPEND 1
| #define HAVE_ARGZ_COUNT 1
| #define HAVE_ARGZ_CREATE_SEP 1
| #define HAVE_ARGZ_INSERT 1
| #define HAVE_ARGZ_NEXT 1
| #define HAVE_ARGZ_STRINGIFY 1
| #define HAVE_WORKING_ARGZ 1
| #define HAVE_PRELOADED_SYMBOLS 1
| #define HAVE_UNISTD_H 1
| /* end confdefs.h.  */
| #include <stdio.h>
| #ifdef HAVE_SYS_TYPES_H
| # include <sys/types.h>
| #endif
| #ifdef HAVE_SYS_STAT_H
| # include <sys/stat.h>
| #endif
| #ifdef STDC_HEADERS
| # include <stdlib.h>
| # include <stddef.h>
| #else
| # ifdef HAVE_STDLIB_H
| #  include <stdlib.h>
| # endif
| #endif
| #ifdef HAVE_STRING_H
| # if !defined STDC_HEADERS && defined HAVE_MEMORY_H
| #  include <memory.h>
| # endif
| # include <string.h>
| #endif
| #ifdef HAVE_STRINGS_H
| # include <strings.h>
| #endif
| #ifdef HAVE_INTTYPES_H
| # include <inttypes.h>
| #endif
| #ifdef HAVE_STDINT_H
| # include <stdint.h>
| #endif
| #ifdef HAVE_UNISTD_H
| # include <unistd.h>
| #endif
| 
| #include <dl.h>
configure:9644: result: no
configure:9601: checking for sys/dl.h
configure:9622: gcc -c -g -O2  conftest.c >&5
conftest.c:74:10: fatal error: sys/dl.h: No such file or directory
 #include <sys/dl.h>
          ^~~~~~~~~~
compilation terminated.
configure:9628: $? = 1
configure: failed program was:
| /* confdefs.h.  */
| #define PACKAGE_NAME "libltdl"
| #define PACKAGE_TARNAME "libltdl"
| #define PACKAGE_VERSION "2.2.6"
| #define PACKAGE_STRING "libltdl 2.2.6"
| #define PACKAGE_BUGREPORT "bug-libtool@gnu.org"
| #define PACKAGE "libltdl"
| #define VERSION "2.2.6"
| #define STDC_HEADERS 1
| #define HAVE_SYS_TYPES_H 1
| #define HAVE_SYS_STAT_H 1
| #define HAVE_STDLIB_H 1
| #define HAVE_STRING_H 1
| #define HAVE_MEMORY_H 1
| #define HAVE_STRINGS_H 1
| #define HAVE_INTTYPES_H 1
| #define HAVE_STDINT_H 1
| #define HAVE_UNISTD_H 1
| #define HAVE_DLFCN_H 1
| #define LT_OBJDIR ".libs/"
| #define LT_MODULE_EXT ".so"
| #define LT_MODULE_PATH_VAR "LD_LIBRARY_PATH"
| #define LT_DLSEARCH_PATH "/lib:/usr/lib:/usr/local/cuda/lib64:/usr/lib/x86_64-linux-gnu/libfakeroot:/usr/local/lib/i386-linux-gnu:/lib/i386-linux-gnu:/usr/lib/i386-linux-gnu:/usr/local/lib/i686-linux-gnu:/lib/i686-linux-gnu:/usr/lib/i686-linux-gnu:/usr/local/lib:/usr/local/lib/x86_64-linux-gnu:/lib/x86_64-linux-gnu:/usr/lib/x86_64-linux-gnu:/lib32:/usr/lib32"
| #define HAVE_LIBDL 1
| #define HAVE_DLERROR 1
| #define HAVE_LIBDLLOADER 1
| #define HAVE_ARGZ_H 1
| #define HAVE_ERROR_T 1
| #define HAVE_ARGZ_ADD 1
| #define HAVE_ARGZ_APPEND 1
| #define HAVE_ARGZ_COUNT 1
| #define HAVE_ARGZ_CREATE_SEP 1
| #define HAVE_ARGZ_INSERT 1
| #define HAVE_ARGZ_NEXT 1
| #define HAVE_ARGZ_STRINGIFY 1
| #define HAVE_WORKING_ARGZ 1
| #define HAVE_PRELOADED_SYMBOLS 1
| #define HAVE_UNISTD_H 1
| /* end confdefs.h.  */
| #include <stdio.h>
| #ifdef HAVE_SYS_TYPES_H
| # include <sys/types.h>
| #endif
| #ifdef HAVE_SYS_STAT_H
| # include <sys/stat.h>
| #endif
| #ifdef STDC_HEADERS
| # include <stdlib.h>
| # include <stddef.h>
| #else
| # ifdef HAVE_STDLIB_H
| #  include <stdlib.h>
| # endif
| #endif
| #ifdef HAVE_STRING_H
| # if !defined STDC_HEADERS && defined HAVE_MEMORY_H
| #  include <memory.h>
| # endif
| # include <string.h>
| #endif
| #ifdef HAVE_STRINGS_H
| # include <strings.h>
| #endif
| #ifdef HAVE_INTTYPES_H
| # include <inttypes.h>
| #endif
| #ifdef HAVE_STDINT_H
| # include <stdint.h>
| #endif
| #ifdef HAVE_UNISTD_H
| # include <unistd.h>
| #endif
| 
| #include <sys/dl.h>
configure:9644: result: no
configure:9601: checking for dld.h
configure:9622: gcc -c -g -O2  conftest.c >&5
conftest.c:74:10: fatal error: dld.h: No such file or directory
 #include <dld.h>
          ^~~~~~~
compilation terminated.
configure:9628: $? = 1
configure: failed program was:
| /* confdefs.h.  */
| #define PACKAGE_NAME "libltdl"
| #define PACKAGE_TARNAME "libltdl"
| #define PACKAGE_VERSION "2.2.6"
| #define PACKAGE_STRING "libltdl 2.2.6"
| #define PACKAGE_BUGREPORT "bug-libtool@gnu.org"
| #define PACKAGE "libltdl"
| #define VERSION "2.2.6"
| #define STDC_HEADERS 1
| #define HAVE_SYS_TYPES_H 1
| #define HAVE_SYS_STAT_H 1
| #define HAVE_STDLIB_H 1
| #define HAVE_STRING_H 1
| #define HAVE_MEMORY_H 1
| #define HAVE_STRINGS_H 1
| #define HAVE_INTTYPES_H 1
| #define HAVE_STDINT_H 1
| #define HAVE_UNISTD_H 1
| #define HAVE_DLFCN_H 1
| #define LT_OBJDIR ".libs/"
| #define LT_MODULE_EXT ".so"
| #define LT_MODULE_PATH_VAR "LD_LIBRARY_PATH"
| #define LT_DLSEARCH_PATH "/lib:/usr/lib:/usr/local/cuda/lib64:/usr/lib/x86_64-linux-gnu/libfakeroot:/usr/local/lib/i386-linux-gnu:/lib/i386-linux-gnu:/usr/lib/i386-linux-gnu:/usr/local/lib/i686-linux-gnu:/lib/i686-linux-gnu:/usr/lib/i686-linux-gnu:/usr/local/lib:/usr/local/lib/x86_64-linux-gnu:/lib/x86_64-linux-gnu:/usr/lib/x86_64-linux-gnu:/lib32:/usr/lib32"
| #define HAVE_LIBDL 1
| #define HAVE_DLERROR 1
| #define HAVE_LIBDLLOADER 1
| #define HAVE_ARGZ_H 1
| #define HAVE_ERROR_T 1
| #define HAVE_ARGZ_ADD 1
| #define HAVE_ARGZ_APPEND 1
| #define HAVE_ARGZ_COUNT 1
| #define HAVE_ARGZ_CREATE_SEP 1
| #define HAVE_ARGZ_INSERT 1
| #define HAVE_ARGZ_NEXT 1
| #define HAVE_ARGZ_STRINGIFY 1
| #define HAVE_WORKING_ARGZ 1
| #define HAVE_PRELOADED_SYMBOLS 1
| #define HAVE_UNISTD_H 1
| /* end confdefs.h.  */
| #include <stdio.h>
| #ifdef HAVE_SYS_TYPES_H
| # include <sys/types.h>
| #endif
| #ifdef HAVE_SYS_STAT_H
| # include <sys/stat.h>
| #endif
| #ifdef STDC_HEADERS
| # include <stdlib.h>
| # include <stddef.h>
| #else
| # ifdef HAVE_STDLIB_H
| #  include <stdlib.h>
| # endif
| #endif
| #ifdef HAVE_STRING_H
| # if !defined STDC_HEADERS && defined HAVE_MEMORY_H
| #  include <memory.h>
| # endif
| # include <string.h>
| #endif
| #ifdef HAVE_STRINGS_H
| # include <strings.h>
| #endif
| #ifdef HAVE_INTTYPES_H
| # include <inttypes.h>
| #endif
| #ifdef HAVE_STDINT_H
| # include <stdint.h>
| #endif
| #ifdef HAVE_UNISTD_H
| # include <unistd.h>
| #endif
| 
| #include <dld.h>
configure:9644: result: no
configure:9601: checking for mach-o/dyld.h
configure:9622: gcc -c -g -O2  conftest.c >&5
conftest.c:74:10: fatal error: mach-o/dyld.h: No such file or directory
 #include <mach-o/dyld.h>
          ^~~~~~~~~~~~~~~
compilation terminated.
configure:9628: $? = 1
configure: failed program was:
| /* confdefs.h.  */
| #define PACKAGE_NAME "libltdl"
| #define PACKAGE_TARNAME "libltdl"
| #define PACKAGE_VERSION "2.2.6"
| #define PACKAGE_STRING "libltdl 2.2.6"
| #define PACKAGE_BUGREPORT "bug-libtool@gnu.org"
| #define PACKAGE "libltdl"
| #define VERSION "2.2.6"
| #define STDC_HEADERS 1
| #define HAVE_SYS_TYPES_H 1
| #define HAVE_SYS_STAT_H 1
| #define HAVE_STDLIB_H 1
| #define HAVE_STRING_H 1
| #define HAVE_MEMORY_H 1
| #define HAVE_STRINGS_H 1
| #define HAVE_INTTYPES_H 1
| #define HAVE_STDINT_H 1
| #define HAVE_UNISTD_H 1
| #define HAVE_DLFCN_H 1
| #define LT_OBJDIR ".libs/"
| #define LT_MODULE_EXT ".so"
| #define LT_MODULE_PATH_VAR "LD_LIBRARY_PATH"
| #define LT_DLSEARCH_PATH "/lib:/usr/lib:/usr/local/cuda/lib64:/usr/lib/x86_64-linux-gnu/libfakeroot:/usr/local/lib/i386-linux-gnu:/lib/i386-linux-gnu:/usr/lib/i386-linux-gnu:/usr/local/lib/i686-linux-gnu:/lib/i686-linux-gnu:/usr/lib/i686-linux-gnu:/usr/local/lib:/usr/local/lib/x86_64-linux-gnu:/lib/x86_64-linux-gnu:/usr/lib/x86_64-linux-gnu:/lib32:/usr/lib32"
| #define HAVE_LIBDL 1
| #define HAVE_DLERROR 1
| #define HAVE_LIBDLLOADER 1
| #define HAVE_ARGZ_H 1
| #define HAVE_ERROR_T 1
| #define HAVE_ARGZ_ADD 1
| #define HAVE_ARGZ_APPEND 1
| #define HAVE_ARGZ_COUNT 1
| #define HAVE_ARGZ_CREATE_SEP 1
| #define HAVE_ARGZ_INSERT 1
| #define HAVE_ARGZ_NEXT 1
| #define HAVE_ARGZ_STRINGIFY 1
| #define HAVE_WORKING_ARGZ 1
| #define HAVE_PRELOADED_SYMBOLS 1
| #define HAVE_UNISTD_H 1
| /* end confdefs.h.  */
| #include <stdio.h>
| #ifdef HAVE_SYS_TYPES_H
| # include <sys/types.h>
| #endif
| #ifdef HAVE_SYS_STAT_H
| # include <sys/stat.h>
| #endif
| #ifdef STDC_HEADERS
| # include <stdlib.h>
| # include <stddef.h>
| #else
| # ifdef HAVE_STDLIB_H
| #  include <stdlib.h>
| # endif
| #endif
| #ifdef HAVE_STRING_H
| # if !defined STDC_HEADERS && defined HAVE_MEMORY_H
| #  include <memory.h>
| # endif
| # include <string.h>
| #endif
| #ifdef HAVE_STRINGS_H
| # include <strings.h>
| #endif
| #ifdef HAVE_INTTYPES_H
| # include <inttypes.h>
| #endif
| #ifdef HAVE_STDINT_H
| # include <stdint.h>
| #endif
| #ifdef HAVE_UNISTD_H
| # include <unistd.h>
| #endif
| 
| #include <mach-o/dyld.h>
configure:9644: result: no
configure:9601: checking for dirent.h
configure:9622: gcc -c -g -O2  conftest.c >&5
configure:9628: $? = 0
configure:9644: result: yes
configure:9662: checking for closedir
configure:9718: gcc -o conftest -g -O2   conftest.c -ldl  >&5
configure:9724: $? = 0
configure:9742: result: yes
configure:9662: checking for opendir
configure:9718: gcc -o conftest -g -O2   conftest.c -ldl  >&5
configure:9724: $? = 0
configure:9742: result: yes
configure:9662: checking for readdir
configure:9718: gcc -o conftest -g -O2   conftest.c -ldl  >&5
configure:9724: $? = 0
configure:9742: result: yes
configure:9764: checking for strlcat
configure:9820: gcc -o conftest -g -O2   conftest.c -ldl  >&5
/usr/bin/ld: /tmp/ccvdfiEJ.o: in function `main':
/home/tekne/Documents/Projects/Democratiam_Intelligentia/unixODBC-2.3.0/libltdl/conftest.c:78: undefined reference to `strlcat'
collect2: error: ld returned 1 exit status
configure:9826: $? = 1
configure: failed program was:
| /* confdefs.h.  */
| #define PACKAGE_NAME "libltdl"
| #define PACKAGE_TARNAME "libltdl"
| #define PACKAGE_VERSION "2.2.6"
| #define PACKAGE_STRING "libltdl 2.2.6"
| #define PACKAGE_BUGREPORT "bug-libtool@gnu.org"
| #define PACKAGE "libltdl"
| #define VERSION "2.2.6"
| #define STDC_HEADERS 1
| #define HAVE_SYS_TYPES_H 1
| #define HAVE_SYS_STAT_H 1
| #define HAVE_STDLIB_H 1
| #define HAVE_STRING_H 1
| #define HAVE_MEMORY_H 1
| #define HAVE_STRINGS_H 1
| #define HAVE_INTTYPES_H 1
| #define HAVE_STDINT_H 1
| #define HAVE_UNISTD_H 1
| #define HAVE_DLFCN_H 1
| #define LT_OBJDIR ".libs/"
| #define LT_MODULE_EXT ".so"
| #define LT_MODULE_PATH_VAR "LD_LIBRARY_PATH"
| #define LT_DLSEARCH_PATH "/lib:/usr/lib:/usr/local/cuda/lib64:/usr/lib/x86_64-linux-gnu/libfakeroot:/usr/local/lib/i386-linux-gnu:/lib/i386-linux-gnu:/usr/lib/i386-linux-gnu:/usr/local/lib/i686-linux-gnu:/lib/i686-linux-gnu:/usr/lib/i686-linux-gnu:/usr/local/lib:/usr/local/lib/x86_64-linux-gnu:/lib/x86_64-linux-gnu:/usr/lib/x86_64-linux-gnu:/lib32:/usr/lib32"
| #define HAVE_LIBDL 1
| #define HAVE_DLERROR 1
| #define HAVE_LIBDLLOADER 1
| #define HAVE_ARGZ_H 1
| #define HAVE_ERROR_T 1
| #define HAVE_ARGZ_ADD 1
| #define HAVE_ARGZ_APPEND 1
| #define HAVE_ARGZ_COUNT 1
| #define HAVE_ARGZ_CREATE_SEP 1
| #define HAVE_ARGZ_INSERT 1
| #define HAVE_ARGZ_NEXT 1
| #define HAVE_ARGZ_STRINGIFY 1
| #define HAVE_WORKING_ARGZ 1
| #define HAVE_PRELOADED_SYMBOLS 1
| #define HAVE_UNISTD_H 1
| #define HAVE_DIRENT_H 1
| #define HAVE_CLOSEDIR 1
| #define HAVE_OPENDIR 1
| #define HAVE_READDIR 1
| /* end confdefs.h.  */
| /* Define strlcat to an innocuous variant, in case <limits.h> declares strlcat.
|    For example, HP-UX 11i <limits.h> declares gettimeofday.  */
| #define strlcat innocuous_strlcat
| 
| /* System header to define __stub macros and hopefully few prototypes,
|     which can conflict with char strlcat (); below.
|     Prefer <limits.h> to <assert.h> if __STDC__ is defined, since
|     <limits.h> exists even on freestanding compilers.  */
| 
| #ifdef __STDC__
| # include <limits.h>
| #else
| # include <assert.h>
| #endif
| 
| #undef strlcat
| 
| /* Override any GCC internal prototype to avoid an error.
|    Use char because int might match the return type of a GCC
|    builtin and then its argument prototype would still apply.  */
| #ifdef __cplusplus
| extern "C"
| #endif
| char strlcat ();
| /* The GNU C library defines this for functions which it implements
|     to always fail with ENOSYS.  Some functions are actually named
|     something starting with __ and the normal name is an alias.  */
| #if defined __stub_strlcat || defined __stub___strlcat
| choke me
| #endif
| 
| int
| main ()
| {
| return strlcat ();
|   ;
|   return 0;
| }
configure:9844: result: no
configure:9764: checking for strlcpy
configure:9820: gcc -o conftest -g -O2   conftest.c -ldl  >&5
/usr/bin/ld: /tmp/ccw9KHVP.o: in function `main':
/home/tekne/Documents/Projects/Democratiam_Intelligentia/unixODBC-2.3.0/libltdl/conftest.c:78: undefined reference to `strlcpy'
collect2: error: ld returned 1 exit status
configure:9826: $? = 1
configure: failed program was:
| /* confdefs.h.  */
| #define PACKAGE_NAME "libltdl"
| #define PACKAGE_TARNAME "libltdl"
| #define PACKAGE_VERSION "2.2.6"
| #define PACKAGE_STRING "libltdl 2.2.6"
| #define PACKAGE_BUGREPORT "bug-libtool@gnu.org"
| #define PACKAGE "libltdl"
| #define VERSION "2.2.6"
| #define STDC_HEADERS 1
| #define HAVE_SYS_TYPES_H 1
| #define HAVE_SYS_STAT_H 1
| #define HAVE_STDLIB_H 1
| #define HAVE_STRING_H 1
| #define HAVE_MEMORY_H 1
| #define HAVE_STRINGS_H 1
| #define HAVE_INTTYPES_H 1
| #define HAVE_STDINT_H 1
| #define HAVE_UNISTD_H 1
| #define HAVE_DLFCN_H 1
| #define LT_OBJDIR ".libs/"
| #define LT_MODULE_EXT ".so"
| #define LT_MODULE_PATH_VAR "LD_LIBRARY_PATH"
| #define LT_DLSEARCH_PATH "/lib:/usr/lib:/usr/local/cuda/lib64:/usr/lib/x86_64-linux-gnu/libfakeroot:/usr/local/lib/i386-linux-gnu:/lib/i386-linux-gnu:/usr/lib/i386-linux-gnu:/usr/local/lib/i686-linux-gnu:/lib/i686-linux-gnu:/usr/lib/i686-linux-gnu:/usr/local/lib:/usr/local/lib/x86_64-linux-gnu:/lib/x86_64-linux-gnu:/usr/lib/x86_64-linux-gnu:/lib32:/usr/lib32"
| #define HAVE_LIBDL 1
| #define HAVE_DLERROR 1
| #define HAVE_LIBDLLOADER 1
| #define HAVE_ARGZ_H 1
| #define HAVE_ERROR_T 1
| #define HAVE_ARGZ_ADD 1
| #define HAVE_ARGZ_APPEND 1
| #define HAVE_ARGZ_COUNT 1
| #define HAVE_ARGZ_CREATE_SEP 1
| #define HAVE_ARGZ_INSERT 1
| #define HAVE_ARGZ_NEXT 1
| #define HAVE_ARGZ_STRINGIFY 1
| #define HAVE_WORKING_ARGZ 1
| #define HAVE_PRELOADED_SYMBOLS 1
| #define HAVE_UNISTD_H 1
| #define HAVE_DIRENT_H 1
| #define HAVE_CLOSEDIR 1
| #define HAVE_OPENDIR 1
| #define HAVE_READDIR 1
| /* end confdefs.h.  */
| /* Define strlcpy to an innocuous variant, in case <limits.h> declares strlcpy.
|    For example, HP-UX 11i <limits.h> declares gettimeofday.  */
| #define strlcpy innocuous_strlcpy
| 
| /* System header to define __stub macros and hopefully few prototypes,
|     which can conflict with char strlcpy (); below.
|     Prefer <limits.h> to <assert.h> if __STDC__ is defined, since
|     <limits.h> exists even on freestanding compilers.  */
| 
| #ifdef __STDC__
| # include <limits.h>
| #else
| # include <assert.h>
| #endif
| 
| #undef strlcpy
| 
| /* Override any GCC internal prototype to avoid an error.
|    Use char because int might match the return type of a GCC
|    builtin and then its argument prototype would still apply.  */
| #ifdef __cplusplus
| extern "C"
| #endif
| char strlcpy ();
| /* The GNU C library defines this for functions which it implements
|     to always fail with ENOSYS.  Some functions are actually named
|     something starting with __ and the normal name is an alias.  */
| #if defined __stub_strlcpy || defined __stub___strlcpy
| choke me
| #endif
| 
| int
| main ()
| {
| return strlcpy ();
|   ;
|   return 0;
| }
configure:9844: result: no
configure:10000: creating ./config.status

## ---------------------- ##
## Running config.status. ##
## ---------------------- ##

This file was extended by libltdl config.status 2.2.6, which was
generated by GNU Autoconf 2.61.  Invocation command line was

  CONFIG_FILES    = 
  CONFIG_HEADERS  = 
  CONFIG_LINKS    = 
  CONFIG_COMMANDS = 
  $ ./config.status 

on Imber

config.status:866: creating Makefile
config.status:866: creating config.h
config.status:1164: executing depfiles commands
config.status:1164: executing libtool commands

## ---------------- ##
## Cache variables. ##
## ---------------- ##

ac_cv_build=x86_64-unknown-linux-gnu
ac_cv_c_compiler_gnu=yes
ac_cv_env_CC_set=
ac_cv_env_CC_value=
ac_cv_env_CFLAGS_set=
ac_cv_env_CFLAGS_value=
ac_cv_env_CPPFLAGS_set=
ac_cv_env_CPPFLAGS_value=
ac_cv_env_CPP_set=
ac_cv_env_CPP_value=
ac_cv_env_LDFLAGS_set=
ac_cv_env_LDFLAGS_value=
ac_cv_env_LIBS_set=
ac_cv_env_LIBS_value=
ac_cv_env_build_alias_set=
ac_cv_env_build_alias_value=
ac_cv_env_host_alias_set=
ac_cv_env_host_alias_value=
ac_cv_env_target_alias_set=
ac_cv_env_target_alias_value=
ac_cv_func_argz_add=yes
ac_cv_func_argz_append=yes
ac_cv_func_argz_count=yes
ac_cv_func_argz_create_sep=yes
ac_cv_func_argz_insert=yes
ac_cv_func_argz_next=yes
ac_cv_func_argz_stringify=yes
ac_cv_func_closedir=yes
ac_cv_func_dlerror=yes
ac_cv_func_dlopen=no
ac_cv_func_opendir=yes
ac_cv_func_readdir=yes
ac_cv_func_shl_load=no
ac_cv_func_strlcat=no
ac_cv_func_strlcpy=no
ac_cv_header_argz_h=yes
ac_cv_header_dirent_h=yes
ac_cv_header_dl_h=no
ac_cv_header_dld_h=no
ac_cv_header_dlfcn_h=yes
ac_cv_header_inttypes_h=yes
ac_cv_header_mach_o_dyld_h=no
ac_cv_header_memory_h=yes
ac_cv_header_stdc=yes
ac_cv_header_stdint_h=yes
ac_cv_header_stdlib_h=yes
ac_cv_header_string_h=yes
ac_cv_header_strings_h=yes
ac_cv_header_sys_dl_h=no
ac_cv_header_sys_stat_h=yes
ac_cv_header_sys_types_h=yes
ac_cv_header_unistd_h=yes
ac_cv_host=x86_64-unknown-linux-gnu
ac_cv_lib_dl_dlopen=yes
ac_cv_lib_dld_dld_link=no
ac_cv_lib_dld_shl_load=no
ac_cv_objext=o
ac_cv_path_EGREP='/bin/grep -E'
ac_cv_path_FGREP='/bin/grep -F'
ac_cv_path_GREP=/bin/grep
ac_cv_path_SED=/bin/sed
ac_cv_path_install='/usr/bin/install -c'
ac_cv_path_mkdir=/bin/mkdir
ac_cv_prog_AWK=gawk
ac_cv_prog_CPP='gcc -E'
ac_cv_prog_ac_ct_AR=ar
ac_cv_prog_ac_ct_CC=gcc
ac_cv_prog_ac_ct_OBJDUMP=objdump
ac_cv_prog_ac_ct_RANLIB=ranlib
ac_cv_prog_ac_ct_STRIP=strip
ac_cv_prog_cc_c89=
ac_cv_prog_cc_g=yes
ac_cv_prog_make_make_set=yes
ac_cv_search_dlopen=-ldl
ac_cv_type_error_t=yes
am_cv_CC_dependencies_compiler_type=gcc3
libltdl_cv_lib_dl_dlopen=yes
libltdl_cv_preloaded_symbols=yes
libltdl_cv_shlibext=.so
lt_cv_deplibs_check_method=pass_all
lt_cv_dlopen=dlopen
lt_cv_dlopen_libs=-ldl
lt_cv_dlopen_self=yes
lt_cv_dlopen_self_static=no
lt_cv_file_magic_cmd='$MAGIC_CMD'
lt_cv_file_magic_test_file=
lt_cv_ld_reload_flag=-r
lt_cv_module_path_var=LD_LIBRARY_PATH
lt_cv_nm_interface='BSD nm'
lt_cv_objdir=.libs
lt_cv_path_LD=/usr/bin/ld
lt_cv_path_NM='/usr/bin/nm -B'
lt_cv_prog_compiler_c_o=yes
lt_cv_prog_compiler_pic_works=yes
lt_cv_prog_compiler_rtti_exceptions=no
lt_cv_prog_compiler_static_works=yes
lt_cv_prog_gnu_ld=yes
lt_cv_sys_argz_works=yes
lt_cv_sys_dlopen_deplibs=yes
lt_cv_sys_dlsearch_path='/lib /usr/lib /usr/local/cuda/lib64 /usr/lib/x86_64-linux-gnu/libfakeroot /usr/local/lib/i386-linux-gnu /lib/i386-linux-gnu /usr/lib/i386-linux-gnu /usr/local/lib/i686-linux-gnu /lib/i686-linux-gnu /usr/lib/i686-linux-gnu /usr/local/lib /usr/local/lib/x86_64-linux-gnu /lib/x86_64-linux-gnu /usr/lib/x86_64-linux-gnu /lib32 /usr/lib32 '
lt_cv_sys_global_symbol_pipe='sed -n -e '\''s/^.*[	 ]\([ABCDGIRSTW][ABCDGIRSTW]*\)[	 ][	 ]*\([_A-Za-z][_A-Za-z0-9]*\)$/\1 \2 \2/p'\'''
lt_cv_sys_global_symbol_to_c_name_address='sed -n -e '\''s/^: \([^ ]*\) $/  {\"\1\", (void *) 0},/p'\'' -e '\''s/^[ABCDGIRSTW]* \([^ ]*\) \([^ ]*\)$/  {"\2", (void *) \&\2},/p'\'''
lt_cv_sys_global_symbol_to_c_name_address_lib_prefix='sed -n -e '\''s/^: \([^ ]*\) $/  {\"\1\", (void *) 0},/p'\'' -e '\''s/^[ABCDGIRSTW]* \([^ ]*\) \(lib[^ ]*\)$/  {"\2", (void *) \&\2},/p'\'' -e '\''s/^[ABCDGIRSTW]* \([^ ]*\) \([^ ]*\)$/  {"lib\2", (void *) \&\2},/p'\'''
lt_cv_sys_global_symbol_to_cdecl='sed -n -e '\''s/^T .* \(.*\)$/extern int \1();/p'\'' -e '\''s/^[ABCDGIRSTW]* .* \(.*\)$/extern char \1;/p'\'''
lt_cv_sys_max_cmd_len=1572864
lt_cv_sys_symbol_underscore=no

## ----------------- ##
## Output variables. ##
## ----------------- ##

ACLOCAL='${SHELL} /home/tekne/Documents/Projects/Democratiam_Intelligentia/unixODBC-2.3.0/libltdl/config/missing --run aclocal-1.10'
AMDEPBACKSLASH='\'
AMDEP_FALSE='#'
AMDEP_TRUE=''
AMTAR='${SHELL} /home/tekne/Documents/Projects/Democratiam_Intelligentia/unixODBC-2.3.0/libltdl/config/missing --run tar'
AR='ar'
ARGZ_H=''
AS='as'
AUTOCONF='${SHELL} /home/tekne/Documents/Projects/Democratiam_Intelligentia/unixODBC-2.3.0/libltdl/config/missing --run autoconf'
AUTOHEADER='${SHELL} /home/tekne/Documents/Projects/Democratiam_Intelligentia/unixODBC-2.3.0/libltdl/config/missing --run autoheader'
AUTOMAKE='${SHELL} /home/tekne/Documents/Projects/Democratiam_Intelligentia/unixODBC-2.3.0/libltdl/config/missing --run automake-1.10'
AWK='gawk'
CC='gcc'
CCDEPMODE='depmode=gcc3'
CFLAGS='-g -O2'
CONVENIENCE_LTDL_FALSE='#'
CONVENIENCE_LTDL_TRUE=''
CPP='gcc -E'
CPPFLAGS=''
CYGPATH_W='echo'
DEFS='-DHAVE_CONFIG_H'
DEPDIR='.deps'
DLLTOOL='dlltool'
DSYMUTIL=''
DUMPBIN=''
ECHO_C=''
ECHO_N='-n'
ECHO_T=''
EGREP='/bin/grep -E'
EXEEXT=''
FGREP='/bin/grep -F'
GREP='/bin/grep'
INSTALL_DATA='${INSTALL} -m 644'
INSTALL_LTDL_FALSE=''
INSTALL_LTDL_TRUE='#'
INSTALL_PROGRAM='${INSTALL}'
INSTALL_SCRIPT='${INSTALL}'
INSTALL_STRIP_PROGRAM='$(install_sh) -c -s'
LD='/usr/bin/ld -m elf_x86_64'
LDFLAGS=''
LIBADD_DL='-ldl '
LIBADD_DLD_LINK=''
LIBADD_DLOPEN='-ldl'
LIBADD_SHL_LOAD=''
LIBOBJS=' ${LIBOBJDIR}lt__strl$U.o'
LIBS='-ldl '
LIBTOOL='$(SHELL) $(top_builddir)/libtool'
LIPO=''
LN_S='ln -s'
LTDLOPEN='libltdl'
LTLIBOBJS=' ${LIBOBJDIR}lt__strl$U.lo'
LT_CONFIG_H='config.h'
LT_DLLOADERS=' dlopen.la'
LT_DLPREOPEN='-dlpreopen dlopen.la '
MAKEINFO='${SHELL} /home/tekne/Documents/Projects/Democratiam_Intelligentia/unixODBC-2.3.0/libltdl/config/missing --run makeinfo'
NM='/usr/bin/nm -B'
NMEDIT=''
OBJDUMP='objdump'
OBJEXT='o'
OTOOL64=''
OTOOL=''
PACKAGE='libltdl'
PACKAGE_BUGREPORT='bug-libtool@gnu.org'
PACKAGE_NAME='libltdl'
PACKAGE_STRING='libltdl 2.2.6'
PACKAGE_TARNAME='libltdl'
PACKAGE_VERSION='2.2.6'
PATH_SEPARATOR=':'
RANLIB='ranlib'
SED='/bin/sed'
SET_MAKE=''
SHELL='/bin/bash'
STRIP='strip'
VERSION='2.2.6'
ac_ct_CC='gcc'
ac_ct_DUMPBIN=''
am__fastdepCC_FALSE='#'
am__fastdepCC_TRUE=''
am__include='include'
am__isrc=''
am__leading_dot='.'
am__quote=''
am__tar='${AMTAR} chof - "$$tardir"'
am__untar='${AMTAR} xf -'
bindir='${exec_prefix}/bin'
build='x86_64-unknown-linux-gnu'
build_alias=''
build_cpu='x86_64'
build_os='linux-gnu'
build_vendor='unknown'
datadir='${datarootdir}'
datarootdir='${prefix}/share'
docdir='${datarootdir}/doc/${PACKAGE_TARNAME}'
dvidir='${docdir}'
exec_prefix='${prefix}'
host='x86_64-unknown-linux-gnu'
host_alias=''
host_cpu='x86_64'
host_os='linux-gnu'
host_vendor='unknown'
htmldir='${docdir}'
includedir='${prefix}/include'
infodir='${datarootdir}/info'
install_sh='$(SHELL) /home/tekne/Documents/Projects/Democratiam_Intelligentia/unixODBC-2.3.0/libltdl/config/install-sh'
libdir='${exec_prefix}/lib'
libexecdir='${exec_prefix}/libexec'
localedir='${datarootdir}/locale'
localstatedir='${prefix}/var'
lt_ECHO='echo'
mandir='${datarootdir}/man'
mkdir_p='/bin/mkdir -p'
oldincludedir='/usr/include'
pdfdir='${docdir}'
prefix='/usr/local'
program_transform_name='s,x,x,'
psdir='${docdir}'
sbindir='${exec_prefix}/sbin'
sharedstatedir='${prefix}/com'
sys_symbol_underscore='no'
sysconfdir='${prefix}/etc'
target_alias=''

## ----------- ##
## confdefs.h. ##
## ----------- ##

#define PACKAGE_NAME "libltdl"
#define PACKAGE_TARNAME "libltdl"
#define PACKAGE_VERSION "2.2.6"
#define PACKAGE_STRING "libltdl 2.2.6"
#define PACKAGE_BUGREPORT "bug-libtool@gnu.org"
#define PACKAGE "libltdl"
#define VERSION "2.2.6"
#define STDC_HEADERS 1
#define HAVE_SYS_TYPES_H 1
#define HAVE_SYS_STAT_H 1
#define HAVE_STDLIB_H 1
#define HAVE_STRING_H 1
#define HAVE_MEMORY_H 1
#define HAVE_STRINGS_H 1
#define HAVE_INTTYPES_H 1
#define HAVE_STDINT_H 1
#define HAVE_UNISTD_H 1
#define HAVE_DLFCN_H 1
#define LT_OBJDIR ".libs/"
#define LT_MODULE_EXT ".so"
#define LT_MODULE_PATH_VAR "LD_LIBRARY_PATH"
#define LT_DLSEARCH_PATH "/lib:/usr/lib:/usr/local/cuda/lib64:/usr/lib/x86_64-linux-gnu/libfakeroot:/usr/local/lib/i386-linux-gnu:/lib/i386-linux-gnu:/usr/lib/i386-linux-gnu:/usr/local/lib/i686-linux-gnu:/lib/i686-linux-gnu:/usr/lib/i686-linux-gnu:/usr/local/lib:/usr/local/lib/x86_64-linux-gnu:/lib/x86_64-linux-gnu:/usr/lib/x86_64-linux-gnu:/lib32:/usr/lib32"
#define HAVE_LIBDL 1
#define HAVE_DLERROR 1
#define HAVE_LIBDLLOADER 1
#define HAVE_ARGZ_H 1
#define HAVE_ERROR_T 1
#define HAVE_ARGZ_ADD 1
#define HAVE_ARGZ_APPEND 1
#define HAVE_ARGZ_COUNT 1
#define HAVE_ARGZ_CREATE_SEP 1
#define HAVE_ARGZ_INSERT 1
#define HAVE_ARGZ_NEXT 1
#define HAVE_ARGZ_STRINGIFY 1
#define HAVE_WORKING_ARGZ 1
#define HAVE_PRELOADED_SYMBOLS 1
#define HAVE_UNISTD_H 1
#define HAVE_DIRENT_H 1
#define HAVE_CLOSEDIR 1
#define HAVE_OPENDIR 1
#define HAVE_READDIR 1
#define LT_LIBEXT "a"

configure: exit 0
